<?xml version="1.0" encoding="UTF-8"?>
<coverage generated="1751784248155" clover="3.2.0">
  <project timestamp="1751784248155" name="All files">
    <metrics statements="18" coveredstatements="18" conditionals="14" coveredconditionals="13" methods="2" coveredmethods="2" elements="34" coveredelements="33" complexity="0" loc="18" ncloc="18" packages="1" files="1" classes="1"/>
    <file name="index.ts" path="C:\Portfolio\NPM PACKAGES\text-2-html\src\index.ts">
      <metrics statements="18" coveredstatements="18" conditionals="14" coveredconditionals="13" methods="2" coveredmethods="2"/>
      <line num="45" count="1" type="stmt"/>
      <line num="47" count="9" type="cond" truecount="2" falsecount="0"/>
      <line num="52" count="9" type="cond" truecount="2" falsecount="0"/>
      <line num="57" count="9" type="stmt"/>
      <line num="70" count="9" type="stmt"/>
      <line num="73" count="9" type="stmt"/>
      <line num="74" count="16" type="stmt"/>
      <line num="78" count="9" type="stmt"/>
      <line num="80" count="20" type="cond" truecount="1" falsecount="1"/>
      <line num="82" count="20" type="cond" truecount="2" falsecount="0"/>
      <line num="83" count="16" type="stmt"/>
      <line num="84" count="16" type="stmt"/>
      <line num="87" count="16" type="cond" truecount="2" falsecount="0"/>
      <line num="89" count="14" type="cond" truecount="4" falsecount="0"/>
      <line num="90" count="7" type="stmt"/>
      <line num="93" count="14" type="stmt"/>
      <line num="100" count="9" type="stmt"/>
      <line num="105" count="9" type="stmt"/>
    </file>
  </project>
</coverage>
