{"C:\\Portfolio\\NPM PACKAGES\\text-2-html\\src\\index.ts": {"path":"C:\\Portfolio\\NPM PACKAGES\\text-2-html\\src\\index.ts","statementMap":{"0":{"start":{"line":45,"column":0},"end":{"line":45,"column":16}},"1":{"start":{"line":47,"column":46},"end":{"line":47,"column":64}},"2":{"start":{"line":52,"column":26},"end":{"line":52,"column":62}},"3":{"start":{"line":57,"column":46},"end":{"line":67,"column":4}},"4":{"start":{"line":70,"column":28},"end":{"line":70,"column":30}},"5":{"start":{"line":73,"column":27},"end":{"line":75,"column":3}},"6":{"start":{"line":74,"column":4},"end":{"line":74,"column":78}},"7":{"start":{"line":78,"column":2},"end":{"line":97,"column":3}},"8":{"start":{"line":80,"column":4},"end":{"line":96,"column":5}},"9":{"start":{"line":82,"column":6},"end":{"line":95,"column":7}},"10":{"start":{"line":83,"column":36},"end":{"line":83,"column":57}},"11":{"start":{"line":84,"column":40},"end":{"line":84,"column":66}},"12":{"start":{"line":87,"column":8},"end":{"line":94,"column":9}},"13":{"start":{"line":89,"column":10},"end":{"line":91,"column":11}},"14":{"start":{"line":90,"column":12},"end":{"line":90,"column":50}},"15":{"start":{"line":93,"column":10},"end":{"line":93,"column":54}},"16":{"start":{"line":100,"column":2},"end":{"line":100,"column":35}},"17":{"start":{"line":105,"column":2},"end":{"line":105,"column":80}}},"fnMap":{"0":{"name":"textToHtml","decl":{"start":{"line":45,"column":16},"end":{"line":45,"column":26}},"loc":{"start":{"line":45,"column":68},"end":{"line":106,"column":1}}},"1":{"name":"(anonymous_1)","decl":{"start":{"line":73,"column":27},"end":{"line":73,"column":28}},"loc":{"start":{"line":73,"column":51},"end":{"line":75,"column":3}}}},"branchMap":{"0":{"loc":{"start":{"line":47,"column":46},"end":{"line":47,"column":64}},"type":"binary-expr","locations":[{"start":{"line":47,"column":46},"end":{"line":47,"column":58}},{"start":{"line":47,"column":62},"end":{"line":47,"column":64}}]},"1":{"loc":{"start":{"line":52,"column":26},"end":{"line":52,"column":62}},"type":"binary-expr","locations":[{"start":{"line":52,"column":26},"end":{"line":52,"column":55}},{"start":{"line":52,"column":59},"end":{"line":52,"column":62}}]},"2":{"loc":{"start":{"line":80,"column":4},"end":{"line":96,"column":5}},"type":"if","locations":[{"start":{"line":80,"column":4},"end":{"line":96,"column":5}},{"start":{},"end":{}}]},"3":{"loc":{"start":{"line":82,"column":6},"end":{"line":95,"column":7}},"type":"if","locations":[{"start":{"line":82,"column":6},"end":{"line":95,"column":7}},{"start":{},"end":{}}]},"4":{"loc":{"start":{"line":87,"column":8},"end":{"line":94,"column":9}},"type":"if","locations":[{"start":{"line":87,"column":8},"end":{"line":94,"column":9}},{"start":{},"end":{}}]},"5":{"loc":{"start":{"line":89,"column":10},"end":{"line":91,"column":11}},"type":"if","locations":[{"start":{"line":89,"column":10},"end":{"line":91,"column":11}},{"start":{},"end":{}}]},"6":{"loc":{"start":{"line":89,"column":14},"end":{"line":89,"column":89}},"type":"binary-expr","locations":[{"start":{"line":89,"column":14},"end":{"line":89,"column":56}},{"start":{"line":89,"column":60},"end":{"line":89,"column":89}}]}},"s":{"0":1,"1":9,"2":9,"3":9,"4":9,"5":9,"6":16,"7":9,"8":20,"9":20,"10":16,"11":16,"12":16,"13":14,"14":7,"15":14,"16":9,"17":9},"f":{"0":9,"1":16},"b":{"0":[9,1],"1":[9,5],"2":[20,0],"3":[16,4],"4":[14,2],"5":[7,7],"6":[14,9]}}
}
