TN:
SF:src\index.ts
FN:45,textToHtml
FN:73,(anonymous_1)
FNF:2
FNH:2
FNDA:9,textToHtml
FNDA:16,(anonymous_1)
DA:45,1
DA:47,9
DA:52,9
DA:57,9
DA:70,9
DA:73,9
DA:74,16
DA:78,9
DA:80,20
DA:82,20
DA:83,16
DA:84,16
DA:87,16
DA:89,14
DA:90,7
DA:93,14
DA:100,9
DA:105,9
LF:18
LH:18
BRDA:47,0,0,9
BRDA:47,0,1,1
BRDA:52,1,0,9
BRDA:52,1,1,5
BRDA:80,2,0,20
BRDA:80,2,1,0
BRDA:82,3,0,16
BRDA:82,3,1,4
BRDA:87,4,0,14
BRDA:87,4,1,2
BRDA:89,5,0,7
BRDA:89,5,1,7
BRDA:89,6,0,14
BRDA:89,6,1,9
BRF:14
BRH:13
end_of_record
